<?xml version="1.0" encoding="UTF-8"?>
<testng-results skipped="0" failed="0" total="1" passed="1">
  <reporter-output>
  </reporter-output>
  <suite name="Suite1" duration-ms="16827" started-at="2015-10-22T03:44:40Z" finished-at="2015-10-22T03:44:56Z">
    <groups>
    </groups>
    <test name="facebook" duration-ms="16827" started-at="2015-10-22T03:44:40Z" finished-at="2015-10-22T03:44:56Z">
      <class name="com.appium.facebook.appiumtest.AppTest">
        <test-method status="PASS" signature="appiumSetup()[pri:0, instance:com.appium.facebook.appiumtest.AppTest@1a407d53]" name="appiumSetup" is-config="true" duration-ms="15022" started-at="2015-10-21T20:44:40Z" finished-at="2015-10-21T20:44:55Z">
          <reporter-output>
          </reporter-output>
        </test-method> <!-- appiumSetup -->
        <test-method status="PASS" signature="LongPressTest()[pri:0, instance:com.appium.facebook.appiumtest.AppTest@1a407d53]" name="LongPressTest" duration-ms="1038" started-at="2015-10-21T20:44:55Z" finished-at="2015-10-21T20:44:56Z">
          <reporter-output>
          </reporter-output>
        </test-method> <!-- LongPressTest -->
        <test-method status="PASS" signature="closeDriver()[pri:0, instance:com.appium.facebook.appiumtest.AppTest@1a407d53]" name="closeDriver" is-config="true" duration-ms="750" started-at="2015-10-21T20:44:56Z" finished-at="2015-10-21T20:44:56Z">
          <reporter-output>
          </reporter-output>
        </test-method> <!-- closeDriver -->
      </class> <!-- com.appium.facebook.appiumtest.AppTest -->
    </test> <!-- facebook -->
  </suite> <!-- Suite1 -->
</testng-results>
